<?xml version="1.0" encoding="UTF-8"?>
<testsuite xmlns:xsi="http://www.w3.org/2001/XMLSchema-instance" xsi:noNamespaceSchemaLocation="https://maven.apache.org/surefire/maven-surefire-plugin/xsd/surefire-test-report.xsd" version="3.0.2" name="org.weasis.core.ui.model.imp.suite.DeserializationTest" time="0.508" tests="5" errors="0" skipped="0" failures="0">
  <properties>
    <property name="java.specification.version" value="23"/>
    <property name="sun.jnu.encoding" value="UTF-8"/>
    <property name="java.class.path" value="/workspaces/Weasis/weasis-core/target/test-classes:/workspaces/Weasis/weasis-core/target/classes:/workspaces/Weasis/weasis-launcher/target/weasis-launcher-4.6.0-SNAPSHOT.jar:/home/codespace/.m2/repository/org/tukaani/xz/1.10/xz-1.10.jar:/home/codespace/.m2/repository/org/apache/felix/org.apache.felix.gogo.command/1.1.2/org.apache.felix.gogo.command-1.1.2.jar:/home/codespace/.m2/repository/org/apache/felix/org.apache.felix.gogo.shell/1.1.4/org.apache.felix.gogo.shell-1.1.4.jar:/home/codespace/.m2/repository/org/apache/felix/org.apache.felix.gogo.runtime/1.1.6/org.apache.felix.gogo.runtime-1.1.6.jar:/home/codespace/.m2/repository/org/weasis/thirdparty/jaxb-osgi/4.0.3/jaxb-osgi-4.0.3.jar:/home/codespace/.m2/repository/org/glassfish/jaxb/jaxb-core/4.0.3/jaxb-core-4.0.3.jar:/home/codespace/.m2/repository/org/eclipse/angus/angus-activation/2.0.1/angus-activation-2.0.1.jar:/home/codespace/.m2/repository/org/glassfish/jaxb/jaxb-runtime/4.0.3/jaxb-runtime-4.0.3.jar:/home/codespace/.m2/repository/com/sun/activation/jakarta.activation/2.0.1/jakarta.activation-2.0.1.jar:/home/codespace/.m2/repository/com/sun/istack/istack-commons-runtime/4.1.1/istack-commons-runtime-4.1.1.jar:/home/codespace/.m2/repository/org/glassfish/jaxb/txw2/4.0.3/txw2-4.0.3.jar:/home/codespace/.m2/repository/com/github/scribejava/scribejava-core/8.3.3/scribejava-core-8.3.3.jar:/home/codespace/.m2/repository/com/fasterxml/jackson/core/jackson-databind/2.18.2/jackson-databind-2.18.2.jar:/home/codespace/.m2/repository/com/fasterxml/jackson/core/jackson-annotations/2.18.2/jackson-annotations-2.18.2.jar:/home/codespace/.m2/repository/com/fasterxml/jackson/core/jackson-core/2.18.2/jackson-core-2.18.2.jar:/home/codespace/.m2/repository/com/github/scribejava/scribejava-java8/8.3.3/scribejava-java8-8.3.3.jar:/home/codespace/.m2/repository/org/weasis/thirdparty/docking-frames/1.1.7/docking-frames-1.1.7.jar:/home/codespace/.m2/repository/eu/essilab/lablib-checkboxtree/4.0/lablib-checkboxtree-4.0.jar:/home/codespace/.m2/repository/org/swinglabs/jxlayer/3.0.4/jxlayer-3.0.4.jar:/home/codespace/.m2/repository/com/github/lgooddatepicker/LGoodDatePicker/11.3.0-r1/LGoodDatePicker-11.3.0-r1.jar:/home/codespace/.m2/repository/org/knowm/xchart/xchart/3.8.8/xchart-3.8.8.jar:/home/codespace/.m2/repository/de/erichseifert/vectorgraphics2d/VectorGraphics2D/0.13/VectorGraphics2D-0.13.jar:/home/codespace/.m2/repository/org/slf4j/slf4j-api/2.0.16/slf4j-api-2.0.16.jar:/home/codespace/.m2/repository/ch/qos/logback/logback-classic/1.5.15/logback-classic-1.5.15.jar:/home/codespace/.m2/repository/ch/qos/logback/logback-core/1.5.15/logback-core-1.5.15.jar:/home/codespace/.m2/repository/com/formdev/flatlaf/3.5.4/flatlaf-3.5.4.jar:/home/codespace/.m2/repository/com/formdev/flatlaf-intellij-themes/3.5.4/flatlaf-intellij-themes-3.5.4.jar:/home/codespace/.m2/repository/com/formdev/flatlaf-extras/3.5.4/flatlaf-extras-3.5.4.jar:/home/codespace/.m2/repository/com/github/weisj/jsvg/1.4.0/jsvg-1.4.0.jar:/home/codespace/.m2/repository/com/miglayout/miglayout-swing/11.4.2/miglayout-swing-11.4.2.jar:/home/codespace/.m2/repository/com/miglayout/miglayout-core/11.4.2/miglayout-core-11.4.2.jar:/home/codespace/.m2/repository/org/weasis/core/weasis-core-img/4.11.0/weasis-core-img-4.11.0.jar:/home/codespace/.m2/repository/org/osgi/osgi.core/8.0.0/osgi.core-8.0.0.jar:/home/codespace/.m2/repository/org/apache/felix/org.apache.felix.configadmin/1.9.26/org.apache.felix.configadmin-1.9.26.jar:/home/codespace/.m2/repository/jakarta/xml/bind/jakarta.xml.bind-api/4.0.2/jakarta.xml.bind-api-4.0.2.jar:/home/codespace/.m2/repository/jakarta/activation/jakarta.activation-api/2.1.3/jakarta.activation-api-2.1.3.jar:/home/codespace/.m2/repository/org/osgi/org.osgi.service.component/1.5.1/org.osgi.service.component-1.5.1.jar:/home/codespace/.m2/repository/org/osgi/org.osgi.namespace.extender/1.0.1/org.osgi.namespace.extender-1.0.1.jar:/home/codespace/.m2/repository/org/osgi/org.osgi.util.function/1.0.0/org.osgi.util.function-1.0.0.jar:/home/codespace/.m2/repository/org/osgi/org.osgi.util.promise/1.0.0/org.osgi.util.promise-1.0.0.jar:/home/codespace/.m2/repository/org/osgi/org.osgi.service.component.annotations/1.5.1/org.osgi.service.component.annotations-1.5.1.jar:/home/codespace/.m2/repository/org/osgi/osgi.annotation/8.1.0/osgi.annotation-8.1.0.jar:/home/codespace/.m2/repository/org/apache/felix/org.apache.felix.prefs/1.1.0/org.apache.felix.prefs-1.1.0.jar:/home/codespace/.m2/repository/org/osgi/org.osgi.service.prefs/1.1.1/org.osgi.service.prefs-1.1.1.jar:/home/codespace/.m2/repository/org/mockito/mockito-junit-jupiter/5.14.2/mockito-junit-jupiter-5.14.2.jar:/home/codespace/.m2/repository/org/mockito/mockito-core/5.14.2/mockito-core-5.14.2.jar:/home/codespace/.m2/repository/net/bytebuddy/byte-buddy/1.15.4/byte-buddy-1.15.4.jar:/home/codespace/.m2/repository/net/bytebuddy/byte-buddy-agent/1.15.4/byte-buddy-agent-1.15.4.jar:/home/codespace/.m2/repository/org/objenesis/objenesis/3.3/objenesis-3.3.jar:/home/codespace/.m2/repository/org/junit/jupiter/junit-jupiter-api/5.11.3/junit-jupiter-api-5.11.3.jar:/home/codespace/.m2/repository/org/opentest4j/opentest4j/1.3.0/opentest4j-1.3.0.jar:/home/codespace/.m2/repository/org/junit/platform/junit-platform-commons/1.11.3/junit-platform-commons-1.11.3.jar:/home/codespace/.m2/repository/org/mockito/mockito-inline/5.2.0/mockito-inline-5.2.0.jar:/home/codespace/.m2/repository/org/junit/jupiter/junit-jupiter-params/5.11.3/junit-jupiter-params-5.11.3.jar:/home/codespace/.m2/repository/org/apiguardian/apiguardian-api/1.1.2/apiguardian-api-1.1.2.jar:/home/codespace/.m2/repository/org/junit-pioneer/junit-pioneer/2.3.0/junit-pioneer-2.3.0.jar:/home/codespace/.m2/repository/org/junit/platform/junit-platform-launcher/1.11.3/junit-platform-launcher-1.11.3.jar:/home/codespace/.m2/repository/org/junit/platform/junit-platform-engine/1.11.3/junit-platform-engine-1.11.3.jar:/home/codespace/.m2/repository/org/slf4j/slf4j-simple/2.0.16/slf4j-simple-2.0.16.jar:"/>
    <property name="java.vm.vendor" value="Oracle Corporation"/>
    <property name="sun.arch.data.model" value="64"/>
    <property name="java.vendor.url" value="https://java.oracle.com/"/>
    <property name="user.timezone" value="Etc/UTC"/>
    <property name="os.name" value="Linux"/>
    <property name="java.vm.specification.version" value="23"/>
    <property name="sun.java.launcher" value="SUN_STANDARD"/>
    <property name="sun.boot.library.path" value="/usr/local/sdkman/candidates/java/23-open/lib"/>
    <property name="sun.java.command" value="/workspaces/Weasis/weasis-core/target/surefire/surefirebooter-20250217121924458_3.jar /workspaces/Weasis/weasis-core/target/surefire 2025-02-17T12-19-09_703-jvmRun1 surefire-20250217121924458_1tmp surefire_0-20250217121924458_2tmp"/>
    <property name="jdk.debug" value="release"/>
    <property name="surefire.test.class.path" value="/workspaces/Weasis/weasis-core/target/test-classes:/workspaces/Weasis/weasis-core/target/classes:/workspaces/Weasis/weasis-launcher/target/weasis-launcher-4.6.0-SNAPSHOT.jar:/home/codespace/.m2/repository/org/tukaani/xz/1.10/xz-1.10.jar:/home/codespace/.m2/repository/org/apache/felix/org.apache.felix.gogo.command/1.1.2/org.apache.felix.gogo.command-1.1.2.jar:/home/codespace/.m2/repository/org/apache/felix/org.apache.felix.gogo.shell/1.1.4/org.apache.felix.gogo.shell-1.1.4.jar:/home/codespace/.m2/repository/org/apache/felix/org.apache.felix.gogo.runtime/1.1.6/org.apache.felix.gogo.runtime-1.1.6.jar:/home/codespace/.m2/repository/org/weasis/thirdparty/jaxb-osgi/4.0.3/jaxb-osgi-4.0.3.jar:/home/codespace/.m2/repository/org/glassfish/jaxb/jaxb-core/4.0.3/jaxb-core-4.0.3.jar:/home/codespace/.m2/repository/org/eclipse/angus/angus-activation/2.0.1/angus-activation-2.0.1.jar:/home/codespace/.m2/repository/org/glassfish/jaxb/jaxb-runtime/4.0.3/jaxb-runtime-4.0.3.jar:/home/codespace/.m2/repository/com/sun/activation/jakarta.activation/2.0.1/jakarta.activation-2.0.1.jar:/home/codespace/.m2/repository/com/sun/istack/istack-commons-runtime/4.1.1/istack-commons-runtime-4.1.1.jar:/home/codespace/.m2/repository/org/glassfish/jaxb/txw2/4.0.3/txw2-4.0.3.jar:/home/codespace/.m2/repository/com/github/scribejava/scribejava-core/8.3.3/scribejava-core-8.3.3.jar:/home/codespace/.m2/repository/com/fasterxml/jackson/core/jackson-databind/2.18.2/jackson-databind-2.18.2.jar:/home/codespace/.m2/repository/com/fasterxml/jackson/core/jackson-annotations/2.18.2/jackson-annotations-2.18.2.jar:/home/codespace/.m2/repository/com/fasterxml/jackson/core/jackson-core/2.18.2/jackson-core-2.18.2.jar:/home/codespace/.m2/repository/com/github/scribejava/scribejava-java8/8.3.3/scribejava-java8-8.3.3.jar:/home/codespace/.m2/repository/org/weasis/thirdparty/docking-frames/1.1.7/docking-frames-1.1.7.jar:/home/codespace/.m2/repository/eu/essilab/lablib-checkboxtree/4.0/lablib-checkboxtree-4.0.jar:/home/codespace/.m2/repository/org/swinglabs/jxlayer/3.0.4/jxlayer-3.0.4.jar:/home/codespace/.m2/repository/com/github/lgooddatepicker/LGoodDatePicker/11.3.0-r1/LGoodDatePicker-11.3.0-r1.jar:/home/codespace/.m2/repository/org/knowm/xchart/xchart/3.8.8/xchart-3.8.8.jar:/home/codespace/.m2/repository/de/erichseifert/vectorgraphics2d/VectorGraphics2D/0.13/VectorGraphics2D-0.13.jar:/home/codespace/.m2/repository/org/slf4j/slf4j-api/2.0.16/slf4j-api-2.0.16.jar:/home/codespace/.m2/repository/ch/qos/logback/logback-classic/1.5.15/logback-classic-1.5.15.jar:/home/codespace/.m2/repository/ch/qos/logback/logback-core/1.5.15/logback-core-1.5.15.jar:/home/codespace/.m2/repository/com/formdev/flatlaf/3.5.4/flatlaf-3.5.4.jar:/home/codespace/.m2/repository/com/formdev/flatlaf-intellij-themes/3.5.4/flatlaf-intellij-themes-3.5.4.jar:/home/codespace/.m2/repository/com/formdev/flatlaf-extras/3.5.4/flatlaf-extras-3.5.4.jar:/home/codespace/.m2/repository/com/github/weisj/jsvg/1.4.0/jsvg-1.4.0.jar:/home/codespace/.m2/repository/com/miglayout/miglayout-swing/11.4.2/miglayout-swing-11.4.2.jar:/home/codespace/.m2/repository/com/miglayout/miglayout-core/11.4.2/miglayout-core-11.4.2.jar:/home/codespace/.m2/repository/org/weasis/core/weasis-core-img/4.11.0/weasis-core-img-4.11.0.jar:/home/codespace/.m2/repository/org/osgi/osgi.core/8.0.0/osgi.core-8.0.0.jar:/home/codespace/.m2/repository/org/apache/felix/org.apache.felix.configadmin/1.9.26/org.apache.felix.configadmin-1.9.26.jar:/home/codespace/.m2/repository/jakarta/xml/bind/jakarta.xml.bind-api/4.0.2/jakarta.xml.bind-api-4.0.2.jar:/home/codespace/.m2/repository/jakarta/activation/jakarta.activation-api/2.1.3/jakarta.activation-api-2.1.3.jar:/home/codespace/.m2/repository/org/osgi/org.osgi.service.component/1.5.1/org.osgi.service.component-1.5.1.jar:/home/codespace/.m2/repository/org/osgi/org.osgi.namespace.extender/1.0.1/org.osgi.namespace.extender-1.0.1.jar:/home/codespace/.m2/repository/org/osgi/org.osgi.util.function/1.0.0/org.osgi.util.function-1.0.0.jar:/home/codespace/.m2/repository/org/osgi/org.osgi.util.promise/1.0.0/org.osgi.util.promise-1.0.0.jar:/home/codespace/.m2/repository/org/osgi/org.osgi.service.component.annotations/1.5.1/org.osgi.service.component.annotations-1.5.1.jar:/home/codespace/.m2/repository/org/osgi/osgi.annotation/8.1.0/osgi.annotation-8.1.0.jar:/home/codespace/.m2/repository/org/apache/felix/org.apache.felix.prefs/1.1.0/org.apache.felix.prefs-1.1.0.jar:/home/codespace/.m2/repository/org/osgi/org.osgi.service.prefs/1.1.1/org.osgi.service.prefs-1.1.1.jar:/home/codespace/.m2/repository/org/mockito/mockito-junit-jupiter/5.14.2/mockito-junit-jupiter-5.14.2.jar:/home/codespace/.m2/repository/org/mockito/mockito-core/5.14.2/mockito-core-5.14.2.jar:/home/codespace/.m2/repository/net/bytebuddy/byte-buddy/1.15.4/byte-buddy-1.15.4.jar:/home/codespace/.m2/repository/net/bytebuddy/byte-buddy-agent/1.15.4/byte-buddy-agent-1.15.4.jar:/home/codespace/.m2/repository/org/objenesis/objenesis/3.3/objenesis-3.3.jar:/home/codespace/.m2/repository/org/junit/jupiter/junit-jupiter-api/5.11.3/junit-jupiter-api-5.11.3.jar:/home/codespace/.m2/repository/org/opentest4j/opentest4j/1.3.0/opentest4j-1.3.0.jar:/home/codespace/.m2/repository/org/junit/platform/junit-platform-commons/1.11.3/junit-platform-commons-1.11.3.jar:/home/codespace/.m2/repository/org/mockito/mockito-inline/5.2.0/mockito-inline-5.2.0.jar:/home/codespace/.m2/repository/org/junit/jupiter/junit-jupiter-params/5.11.3/junit-jupiter-params-5.11.3.jar:/home/codespace/.m2/repository/org/apiguardian/apiguardian-api/1.1.2/apiguardian-api-1.1.2.jar:/home/codespace/.m2/repository/org/junit-pioneer/junit-pioneer/2.3.0/junit-pioneer-2.3.0.jar:/home/codespace/.m2/repository/org/junit/platform/junit-platform-launcher/1.11.3/junit-platform-launcher-1.11.3.jar:/home/codespace/.m2/repository/org/junit/platform/junit-platform-engine/1.11.3/junit-platform-engine-1.11.3.jar:/home/codespace/.m2/repository/org/slf4j/slf4j-simple/2.0.16/slf4j-simple-2.0.16.jar:"/>
    <property name="sun.cpu.endian" value="little"/>
    <property name="user.home" value="/home/codespace"/>
    <property name="user.language" value="en"/>
    <property name="java.specification.vendor" value="Oracle Corporation"/>
    <property name="java.version.date" value="2024-09-17"/>
    <property name="java.home" value="/usr/local/sdkman/candidates/java/23-open"/>
    <property name="file.separator" value="/"/>
    <property name="basedir" value="/workspaces/Weasis/weasis-core"/>
    <property name="java.vm.compressedOopsMode" value="32-bit"/>
    <property name="line.separator" value="&#10;"/>
    <property name="java.vm.specification.vendor" value="Oracle Corporation"/>
    <property name="java.specification.name" value="Java Platform API Specification"/>
    <property name="surefire.real.class.path" value="/workspaces/Weasis/weasis-core/target/surefire/surefirebooter-20250217121924458_3.jar"/>
    <property name="sun.management.compiler" value="HotSpot 64-Bit Tiered Compilers"/>
    <property name="java.runtime.version" value="23+37-2369"/>
    <property name="user.name" value="codespace"/>
    <property name="stdout.encoding" value="UTF-8"/>
    <property name="path.separator" value=":"/>
    <property name="os.version" value="6.5.0-1025-azure"/>
    <property name="weasis.tmp.dir" value="/tmp/weasis-codespace.unknown"/>
    <property name="java.runtime.name" value="OpenJDK Runtime Environment"/>
    <property name="file.encoding" value="UTF-8"/>
    <property name="java.vm.name" value="OpenJDK 64-Bit Server VM"/>
    <property name="localRepository" value="/home/codespace/.m2/repository"/>
    <property name="java.vendor.url.bug" value="https://bugreport.java.com/bugreport/"/>
    <property name="java.io.tmpdir" value="/tmp"/>
    <property name="java.version" value="23"/>
    <property name="user.dir" value="/workspaces/Weasis/weasis-core"/>
    <property name="os.arch" value="amd64"/>
    <property name="java.vm.specification.name" value="Java Virtual Machine Specification"/>
    <property name="native.encoding" value="UTF-8"/>
    <property name="java.library.path" value="/workspaces/Weasis/weasis-core/target/lib/${os-name}-${cpu-name}"/>
    <property name="stderr.encoding" value="UTF-8"/>
    <property name="java.vm.info" value="mixed mode"/>
    <property name="java.vendor" value="Oracle Corporation"/>
    <property name="java.vm.version" value="23+37-2369"/>
    <property name="sun.io.unicode.encoding" value="UnicodeLittle"/>
    <property name="java.class.version" value="67.0"/>
  </properties>
  <testcase name="test_basic_presentation" classname="org.weasis.core.ui.model.imp.suite.DeserializationTest" time="0.079"/>
  <testcase name="test_empty_xml" classname="org.weasis.core.ui.model.imp.suite.DeserializationTest" time="0.05"/>
  <testcase name="test_presentation_with_one_graphic" classname="org.weasis.core.ui.model.imp.suite.DeserializationTest" time="0.022"/>
  <testcase name="test_basic_presentation_with_image_reference" classname="org.weasis.core.ui.model.imp.suite.DeserializationTest" time="0.277"/>
  <testcase name="test_empty_presentation" classname="org.weasis.core.ui.model.imp.suite.DeserializationTest" time="0.046"/>
</testsuite>